<?xml version="1.0" encoding="UTF-8"?>
<!-- Generated by org.testng.reporters.JUnitReportReporter -->
<testsuite hostname="Viraj" failures="0" tests="2" name="testNG_Test.VarifyTicketBookingSection" time="50.370" errors="0" timestamp="2023-10-10T13:33:42 IST" skipped="0">
  <testcase classname="testNG_Test.VarifyTicketBookingSection" name="varifyTicketBookingFields" time="25.027"/>
  <testcase classname="testNG_Test.VarifyTicketBookingSection" name="varifyTicketBookingFields" time="25.343"/>
</testsuite> <!-- testNG_Test.VarifyTicketBookingSection -->
