<?xml version="1.0" encoding="UTF-8"?>
<!-- Generated by org.testng.reporters.JUnitReportReporter -->
<testsuite hostname="Viraj" failures="0" tests="2" name="demoTest.TestClass_TestNG" time="0.013" errors="0" timestamp="2023-09-14T11:47:38 IST" skipped="0">
  <testcase classname="demoTest.TestClass_TestNG" name="test1" time="0.010"/>
  <testcase classname="demoTest.TestClass_TestNG" name="test2" time="0.003"/>
</testsuite> <!-- demoTest.TestClass_TestNG -->
